Determining if the pthread_create exist failed with the following output:
Change Dir: /home/m5211129/GitRepository/CUDASample/CMAKE_CUDA3/CMakeFiles/CMakeTmp

Run Build Command:"/usr/bin/gmake" "cmTC_cb25d/fast"
/usr/bin/gmake -f CMakeFiles/cmTC_cb25d.dir/build.make CMakeFiles/cmTC_cb25d.dir/build
gmake[1]: ディレクトリ `/home/m5211129/GitRepository/CUDASample/CMAKE_CUDA3/CMakeFiles/CMakeTmp' に入ります
Building C object CMakeFiles/cmTC_cb25d.dir/CheckSymbolExists.c.o
/usr/bin/cc   -fPIC    -o CMakeFiles/cmTC_cb25d.dir/CheckSymbolExists.c.o   -c /home/m5211129/GitRepository/CUDASample/CMAKE_CUDA3/CMakeFiles/CMakeTmp/CheckSymbolExists.c
Linking C executable cmTC_cb25d
/opt/cmake/bin/cmake -E cmake_link_script CMakeFiles/cmTC_cb25d.dir/link.txt --verbose=1
/usr/bin/cc -fPIC     -rdynamic CMakeFiles/cmTC_cb25d.dir/CheckSymbolExists.c.o  -o cmTC_cb25d 
CMakeFiles/cmTC_cb25d.dir/CheckSymbolExists.c.o: 関数 `main' 内:
CheckSymbolExists.c:(.text+0x1b): `pthread_create' に対する定義されていない参照です
collect2: エラー: ld はステータス 1 で終了しました
gmake[1]: *** [cmTC_cb25d] エラー 1
gmake[1]: ディレクトリ `/home/m5211129/GitRepository/CUDASample/CMAKE_CUDA3/CMakeFiles/CMakeTmp' から出ます
gmake: *** [cmTC_cb25d/fast] エラー 2

File /home/m5211129/GitRepository/CUDASample/CMAKE_CUDA3/CMakeFiles/CMakeTmp/CheckSymbolExists.c:
/* */
#include <pthread.h>

int main(int argc, char** argv)
{
  (void)argv;
#ifndef pthread_create
  return ((int*)(&pthread_create))[argc];
#else
  (void)argc;
  return 0;
#endif
}

Determining if the function pthread_create exists in the pthreads failed with the following output:
Change Dir: /home/m5211129/GitRepository/CUDASample/CMAKE_CUDA3/CMakeFiles/CMakeTmp

Run Build Command:"/usr/bin/gmake" "cmTC_54fc3/fast"
/usr/bin/gmake -f CMakeFiles/cmTC_54fc3.dir/build.make CMakeFiles/cmTC_54fc3.dir/build
gmake[1]: ディレクトリ `/home/m5211129/GitRepository/CUDASample/CMAKE_CUDA3/CMakeFiles/CMakeTmp' に入ります
Building C object CMakeFiles/cmTC_54fc3.dir/CheckFunctionExists.c.o
/usr/bin/cc   -fPIC -DCHECK_FUNCTION_EXISTS=pthread_create   -o CMakeFiles/cmTC_54fc3.dir/CheckFunctionExists.c.o   -c /opt/cmake/share/cmake-3.13/Modules/CheckFunctionExists.c
Linking C executable cmTC_54fc3
/opt/cmake/bin/cmake -E cmake_link_script CMakeFiles/cmTC_54fc3.dir/link.txt --verbose=1
/usr/bin/cc -fPIC -DCHECK_FUNCTION_EXISTS=pthread_create    -rdynamic CMakeFiles/cmTC_54fc3.dir/CheckFunctionExists.c.o  -o cmTC_54fc3 -lpthreads 
/usr/bin/ld: -lpthreads が見つかりません
collect2: エラー: ld はステータス 1 で終了しました
gmake[1]: *** [cmTC_54fc3] エラー 1
gmake[1]: ディレクトリ `/home/m5211129/GitRepository/CUDASample/CMAKE_CUDA3/CMakeFiles/CMakeTmp' から出ます
gmake: *** [cmTC_54fc3/fast] エラー 2


