Determining if the pthread_create exist failed with the following output:
Change Dir: /home/m5211129/GitRepository/CUDASample/CMAKE_CUDA/cmake-build-debug/CMakeFiles/CMakeTmp

Run Build Command:"/usr/bin/gmake" "cmTC_473bc/fast"
/usr/bin/gmake -f CMakeFiles/cmTC_473bc.dir/build.make CMakeFiles/cmTC_473bc.dir/build
gmake[1]: ディレクトリ `/home/m5211129/GitRepository/CUDASample/CMAKE_CUDA/cmake-build-debug/CMakeFiles/CMakeTmp' に入ります
Building C object CMakeFiles/cmTC_473bc.dir/CheckSymbolExists.c.o
/usr/bin/cc   -fPIC    -o CMakeFiles/cmTC_473bc.dir/CheckSymbolExists.c.o   -c /home/m5211129/GitRepository/CUDASample/CMAKE_CUDA/cmake-build-debug/CMakeFiles/CMakeTmp/CheckSymbolExists.c
Linking C executable cmTC_473bc
/home/m5211129/Apps/clion-2018.3.2/bin/cmake/linux/bin/cmake -E cmake_link_script CMakeFiles/cmTC_473bc.dir/link.txt --verbose=1
/usr/bin/cc -fPIC     -rdynamic CMakeFiles/cmTC_473bc.dir/CheckSymbolExists.c.o  -o cmTC_473bc 
CMakeFiles/cmTC_473bc.dir/CheckSymbolExists.c.o: 関数 `main' 内:
CheckSymbolExists.c:(.text+0x1b): `pthread_create' に対する定義されていない参照です
collect2: エラー: ld はステータス 1 で終了しました
gmake[1]: *** [cmTC_473bc] エラー 1
gmake[1]: ディレクトリ `/home/m5211129/GitRepository/CUDASample/CMAKE_CUDA/cmake-build-debug/CMakeFiles/CMakeTmp' から出ます
gmake: *** [cmTC_473bc/fast] エラー 2

File /home/m5211129/GitRepository/CUDASample/CMAKE_CUDA/cmake-build-debug/CMakeFiles/CMakeTmp/CheckSymbolExists.c:
/* */
#include <pthread.h>

int main(int argc, char** argv)
{
  (void)argv;
#ifndef pthread_create
  return ((int*)(&pthread_create))[argc];
#else
  (void)argc;
  return 0;
#endif
}

Determining if the function pthread_create exists in the pthreads failed with the following output:
Change Dir: /home/m5211129/GitRepository/CUDASample/CMAKE_CUDA/cmake-build-debug/CMakeFiles/CMakeTmp

Run Build Command:"/usr/bin/gmake" "cmTC_6c0f4/fast"
/usr/bin/gmake -f CMakeFiles/cmTC_6c0f4.dir/build.make CMakeFiles/cmTC_6c0f4.dir/build
gmake[1]: ディレクトリ `/home/m5211129/GitRepository/CUDASample/CMAKE_CUDA/cmake-build-debug/CMakeFiles/CMakeTmp' に入ります
Building C object CMakeFiles/cmTC_6c0f4.dir/CheckFunctionExists.c.o
/usr/bin/cc   -fPIC -DCHECK_FUNCTION_EXISTS=pthread_create   -o CMakeFiles/cmTC_6c0f4.dir/CheckFunctionExists.c.o   -c /home/m5211129/Apps/clion-2018.3.2/bin/cmake/linux/share/cmake-3.13/Modules/CheckFunctionExists.c
Linking C executable cmTC_6c0f4
/home/m5211129/Apps/clion-2018.3.2/bin/cmake/linux/bin/cmake -E cmake_link_script CMakeFiles/cmTC_6c0f4.dir/link.txt --verbose=1
/usr/bin/cc -fPIC -DCHECK_FUNCTION_EXISTS=pthread_create    -rdynamic CMakeFiles/cmTC_6c0f4.dir/CheckFunctionExists.c.o  -o cmTC_6c0f4 -lpthreads 
/usr/bin/ld: -lpthreads が見つかりません
collect2: エラー: ld はステータス 1 で終了しました
gmake[1]: *** [cmTC_6c0f4] エラー 1
gmake[1]: ディレクトリ `/home/m5211129/GitRepository/CUDASample/CMAKE_CUDA/cmake-build-debug/CMakeFiles/CMakeTmp' から出ます
gmake: *** [cmTC_6c0f4/fast] エラー 2


