Determining if the pthread_create exist failed with the following output:
Change Dir: /home/m5211129/GitRepository/CUDASample/CLionProjects/HELLO/cmake-build-debug/CMakeFiles/CMakeTmp

Run Build Command:"/usr/bin/gmake" "cmTC_be68c/fast"
/usr/bin/gmake -f CMakeFiles/cmTC_be68c.dir/build.make CMakeFiles/cmTC_be68c.dir/build
gmake[1]: ディレクトリ `/home/m5211129/GitRepository/CUDASample/CLionProjects/HELLO/cmake-build-debug/CMakeFiles/CMakeTmp' に入ります
Building C object CMakeFiles/cmTC_be68c.dir/CheckSymbolExists.c.o
/usr/bin/cc   -fPIC    -std=gnu11 -o CMakeFiles/cmTC_be68c.dir/CheckSymbolExists.c.o   -c /home/m5211129/GitRepository/CUDASample/CLionProjects/HELLO/cmake-build-debug/CMakeFiles/CMakeTmp/CheckSymbolExists.c
Linking C executable cmTC_be68c
/home/m5211129/Apps/clion-2018.3.2/bin/cmake/linux/bin/cmake -E cmake_link_script CMakeFiles/cmTC_be68c.dir/link.txt --verbose=1
/usr/bin/cc -fPIC     CMakeFiles/cmTC_be68c.dir/CheckSymbolExists.c.o  -o cmTC_be68c 
CMakeFiles/cmTC_be68c.dir/CheckSymbolExists.c.o: 関数 `main' 内:
CheckSymbolExists.c:(.text+0x1b): `pthread_create' に対する定義されていない参照です
collect2: エラー: ld はステータス 1 で終了しました
gmake[1]: *** [cmTC_be68c] エラー 1
gmake[1]: ディレクトリ `/home/m5211129/GitRepository/CUDASample/CLionProjects/HELLO/cmake-build-debug/CMakeFiles/CMakeTmp' から出ます
gmake: *** [cmTC_be68c/fast] エラー 2

File /home/m5211129/GitRepository/CUDASample/CLionProjects/HELLO/cmake-build-debug/CMakeFiles/CMakeTmp/CheckSymbolExists.c:
/* */
#include <pthread.h>

int main(int argc, char** argv)
{
  (void)argv;
#ifndef pthread_create
  return ((int*)(&pthread_create))[argc];
#else
  (void)argc;
  return 0;
#endif
}

Determining if the function pthread_create exists in the pthreads failed with the following output:
Change Dir: /home/m5211129/GitRepository/CUDASample/CLionProjects/HELLO/cmake-build-debug/CMakeFiles/CMakeTmp

Run Build Command:"/usr/bin/gmake" "cmTC_f35c7/fast"
/usr/bin/gmake -f CMakeFiles/cmTC_f35c7.dir/build.make CMakeFiles/cmTC_f35c7.dir/build
gmake[1]: ディレクトリ `/home/m5211129/GitRepository/CUDASample/CLionProjects/HELLO/cmake-build-debug/CMakeFiles/CMakeTmp' に入ります
Building C object CMakeFiles/cmTC_f35c7.dir/CheckFunctionExists.c.o
/usr/bin/cc   -fPIC -DCHECK_FUNCTION_EXISTS=pthread_create   -std=gnu11 -o CMakeFiles/cmTC_f35c7.dir/CheckFunctionExists.c.o   -c /home/m5211129/Apps/clion-2018.3.2/bin/cmake/linux/share/cmake-3.13/Modules/CheckFunctionExists.c
Linking C executable cmTC_f35c7
/home/m5211129/Apps/clion-2018.3.2/bin/cmake/linux/bin/cmake -E cmake_link_script CMakeFiles/cmTC_f35c7.dir/link.txt --verbose=1
/usr/bin/cc -fPIC -DCHECK_FUNCTION_EXISTS=pthread_create    CMakeFiles/cmTC_f35c7.dir/CheckFunctionExists.c.o  -o cmTC_f35c7 -lpthreads 
/usr/bin/ld: -lpthreads が見つかりません
collect2: エラー: ld はステータス 1 で終了しました
gmake[1]: *** [cmTC_f35c7] エラー 1
gmake[1]: ディレクトリ `/home/m5211129/GitRepository/CUDASample/CLionProjects/HELLO/cmake-build-debug/CMakeFiles/CMakeTmp' から出ます
gmake: *** [cmTC_f35c7/fast] エラー 2


